<?xml version="1.0" encoding="UTF-8"?>
<!-- Generated by org.testng.reporters.JUnitReportReporter -->
<testsuite hostname="DESKTOP-7TVUAN4" failures="0" tests="2" name="Exprimentes.Stockissue" time="36.067" errors="0" timestamp="2024-09-06T15:13:14 IST" skipped="0">
  <testcase classname="Exprimentes.Stockissue" name="stock" time="18.127"/>
  <testcase classname="Exprimentes.Stockissue" name="stock" time="17.940"/>
</testsuite> <!-- Exprimentes.Stockissue -->
